150
010110110011000011111100111101101000101111010110011111110010111000001111001101101011000100100001101011110010110100100111111111011111110000001111110010
101100111011010001010101011110111100010001010111111111011110000010011111010000011011111101110110100101111110111010110110101100111110011010111001011110
010010101011001001110101111110001101001000011110001001100111111110101110100101010101110110100111111110110000111010111111101001011110110100001111010110
110000111101111100100001110111111100111100111100001011110111110011001010111110111111010101000101111001111110101111000101111001011000010001011011001100
101001110110111010101001011100001101011010111000111010100010110000001111100111010000111011100100101101011010100100100100111011110011101001000001001011
000010110001111000111000011101111110010010101011001100011000010111011011100100110111100110001111110110000111100110111111110000111111110011101111001101
111111001001011010111011011000011101010000111011111111100111011000100000011011011110011110100111111110110011101100111110001000001110011111000010110010
110111001111111110011110010100111110011010111111010101100111100010111011110111010010011111110111010100111001111001011011111000000011101111001001001010
011100110110010010010101011011011101001101111111001010101101111001001110111100001011011111110110011011011000011011101011010111101010001111001011110011
000110011001111111101001011101101101101111101011111000110111100111010111010111101001110101101101011000110110000001000101010001001110110101011111011010
111010011001111011111011001110011111110110101001111010111000101110110111011111110111101111010011010101111101111111110101111111110101010011111001101111
111101110110101110011111011110101001111101101001100011001001101001111111111011100110010101001001101111010101110111110011111110111100111011100111111011
000111010111010010111111111010000011100110101101111101111110110100010110101101101010111110000101010111111010110110011111000101000011011111100110111110
010111111110101010001010110111101101101111100001000110110000111110101110111000100100010110111000001101011111111110110111001100011111101100111001101000
001111110111010001111111111011001000001101011100111101101110111111110101110011111111110101100101001110011101111000110110111110111111100001101110101111
000100010101000001011011110011111000000011111111011001010101101011011001010000101000110101110011101101110100000101011011110110101111111001010111011001
100010111111110000010001100101001110111100001111111111101011110000110000111100110001101100111100011101011111111110010100111011000000110111100111101010
111000000110001100110000110111100010101001011001010101111010110000100010101110110000010111111010110001110101111011011101100101101010110110111111100000
101111100110101001011101111001011011110101111101110001111110001101000110011111100100000001011111011111100110001011110111001110000011111011010111111110
111001111011101111101000111010101101010101111110011111110000111110011101100001101100101101001111111100011010111101011000111101001100100101000111101101
100011110111111100110101010110001111101110001100101100111011111111001111100110110001000111111111100011101111010010011001101011101101111110010011011111
111000011001101000101010010010011010111010000011011110101111011100101100101111110111010010110010100010101100010110110010111100011101110111011111010111
000000110011111100000100011100111011111100001111110011000111000100110111001011110101101001011111011110111111101100110010101101010011111110010000010001
011110101111101110101000000111011011100100110100011100001111111111011111101001011011010001001101011001101011011110100111010111011011110000111010010001
101100000000111111110000011111101011111011010100001110111101010011001011100110111101111011010110111000101110000010100100111101011110100111100000100111
111111111101111101111110101111111111011001101101011001110011101011101101011010001010101111111111111101010111011110001100111111001111011101111101100100
111011101111101000110010110111110111110100000101001101110011101101110111101100111111101010101111110110101111101101000001111110111011010111010011010011
111111010111010011001011111011110010101110001001010111100101110101011111101001110000111101011011011101100110111100101111011101011011111000110110101111
011100001011111101011101111101110100000100110010010001111110110100101011100110111110101001011110111001111010000100011001111110010011011101011110100111
100101001100011111100001111110101100110111101010111111111000101110101001101101001100010100101010001101110001011101111101111011111111110111110111100010
110101010101010101010010111111001111110001110011110111110101001100101011011110010000010110111001011111111101011110001110111011110110111101111110110101
010101111010000100100111011110000110100010111110110000110111100100010010111011010000001001001110111010100010011111110111100010001110011110101111010100
111111111111011110111111110001100111111000010100010111011100111110100111111101100111111110101111111111101111001111111111100100011000111110011110100111
011111111110010010011000011011111001100110111100100110110000101100101101111111111101101011111111010111000000011111101111010110111100110101100111111111
000001010010100011101111111100111001000101101001111111111101111000100111100000111101110011101101100001011110100111010010001111011110111010011111000110
001010101111110000111011111000101110100101110100010010011101101011111110111011010011111010000100100100111010011011110000001101010101111011011100101101
100100000111110011101111101101111101000011100101000011111100001100011111101101011101001111010100111110010000011101110011011001110110000101000111010011
010111110011000010110110111001101000001000010000101001011111111001110010011011101000010000101011100111100110000110010101011100101000110010010011100111
101110011101011011001110110100001000010000101010101010011010001011010111101001110110111101111111110111000110001101110110111011110001111110010011101110
100100001111111010111011001111000111000000000100011001111101110001110011111100100101001110000001011111110010101001011101101111100011100001111101101001
100011010110110100001100100101010100100000111100100100100100001111111001010100111111001110110010001111011011111101010101101010001011111111111111011100
110000001101011101110000110001100011100000010011110111100110110010001111010010101011001010101010101101111111001001000000101100010011110100010111110101
000111111111110100110001010011110111101010001001110111101010001100111110111011101101111110101001011101100100111110110101100111011011110010110000101001
111110111000001101110001100010111101010011001001001011101011110100011110111010001100000010110111100001011110011101011011110111000010111011010101111110
001111111111101111111010010101010110001010110100000111110111011100011011000011101111111110111101011010111110000010001011011011001100011000011000011101
111100011000101110111011111000011101100110001001101010111011111011000111011110110111001110101100011111101101000111001010111011001101100110101000010011
111001111100000110010110000011110000001001000000111001001100010001000100011011111101100011111011100100011111010100001110100110000111001111100100111101
010001111111110111100110011100100010100001110100111100101110001101000111101111111110001100001101111111111100000100011101101100011001100111111011010000
010010100111101010101010000001110110011011100111011101011011010101011100110101110011101111111111011001110100000101110111101001111011011110000110111110
110010110110101111110111010111111011000101100011100010111001110101101001010001001010111110111111101010000111111100101011110111111111111111010001111011
111111101110101110011101111001000010011100010111100010100001000111100111001000000101101100011000011100001101110101001110111111100110101010010110001000
110001110000111011011101101101101110000011101001100011011110111100110011011111010110101101111100111111001011011001111110110100110001001001000011101110
110110101011010010010110100101101111101001111100011100111001111101111001011110010110110111011011110000110111001111111010110101101110111111000111001101
111100110001101111110010011111101010110101111010100100101000100110101111110011110010001001110111111000101101111010111100111111011111110101110001100000
101110111110111011111100111111110110100111111101011011010100110101011001011111011101110101111100110100100111111111011111101000100010101000000111011010
110101000110110101111000111011111111111100001100110110101111101101111101000101101010111111110111001011000111001111010111110011000100101110011101110001
010001001011101011101101100011001011111100110111110111010001101011101111001111010011111111011111111101110111110110111001011011000110101101111111110111
011100111100101100100111100110111011110111001011000100110010110010100001101111001101111100111011011001110011101000110001111111111110011100001010100111
111110110100101011101111011010010000011001111101100100010101001111110100110101111010101110011011010010110111110111110001111100101111111110011110111110
001100111101000110001111111100110011010100011100111010011010101001001000001000111101111010100101011000011010111110001001110001101001101001101011000110
101110011111111111011001011111011111010101010100010111111101011000011110010011111011000111011011000011110101001010111111111010110101101110111111111101
101111101000111011011101100110001010010101011110110110100100100101011111110011111111111001000100101101110001111110011101010001100111011100101111011101
101000101011011100111101011001101111111010101101000110011011100010000011111101010110011100011110101101011111011000100111101111001011111101101101000011
001001000110111000111111001111111100100010111001111111110010010011010111111000111110011011011001101011111010111100110110011011100100110111110111111011
011101010110011100011001110001001001001011000100001001001110001100011011001001110001111100111111111000110011011101110110100010000011011011100111111101
000101001101001100101001111100000001011110000111111010111011010100010000000110101100100110000111100110110011100010011001000010101101101010110010111011
001000110011011011000110011011101111010110100000011111011110000000011010110010010011111010011100010111100001101000101101011111011111111111110010001101
010001010111101110010011001100010001111110111000100110110010110111101110111101111111100100011011111011111101011010111011101111010110110101111101111011
111111011001010100011101110111100101100011111000110011111001110010110001101000111111101110000111111101011100001000001000100011111000111011001011111100
111010001111111000111111011100001111101001110111101001011010110100010011111101011101000100011100010111000010101001000001011010110011100010110001010011
111111011111110001101011101110111011111101111101001101001000111110110101101100100001001110010001100001111101101100010011101110010111110110111101011011
110011010111001100011011111111101110101111001101011111111100011110001110111000111000011111010011001100010111100111111110101011001100111000111011111100
001111011001111011011101101111011111101100110001100001000110011100111111011011100100011001101110001101001111100011110101010001011111110011000111100011
010100111111011110100000010000111101010111110110110111100010111100110101101101111101010011101001011011111110010001111110111000101101111011101111011010
100100101011110011100111011101111101111100110111001110101101001110011111110111101110110111110100111110011111011111100001111100010111011110101111110101
101111011110100011101100101011101100100110000101100110111110001001010110011010101111110111111110000110011101111010110111011010001111011000010111011100
000110110111001001101110110010110101010001111111000111101100110001100000101101110011010011111011011001000011111110110101101011001010011011110000010010
101010110111101000110111000101011101111000101011110101111110111010010100111010011100100000100010101011001100110100011100011111100011101011001111101000
100101000111111111111110101110001110011111101111100001010011110111011011111110011111111110111011111010111110101111110011011011110100010011100101101111
011111110010001011001111101110110111101010000111100111101011111110111101010011100101011011000000000111011101111000101110011101111110010111011110111010
110100101100101100010001111011000110110011111011010000110111110101011101011101100111101101110110111101111001111001100110111010111110111011011111110100
001101100011011000110110101011001110101110111111001110100101011101011100111101111010111101111110101111101111010101101100001110111110100101101111011110
110101111011101000000101011010001001001011001101110111011010111100111000001110101101101010111000110000111011111101110111101111101010110101010111011100
111101001110001010001111101000001111100111101110101000101101110010111110010110111010101111110111111101001011110111100010101010111101110011101001011110
011011000110101110010010111110001111001000101010111110111111010011111000001101101111011110000101001100110101011111000011000010111101110001000010010011
011110111101111101000101100101101011011000101000010010111101011110100001111110110100100101101001011001111110111111111011111110011100001010001101111000
010010111010100010010010111110011101101111101101111101011111011110101011100000111111100001101100000100101111101011110011100011100110100000101110011111
111101111111111111011000010101101000101110101101111110111110101011011111001100101101110011111111101101010011101110011101100110111001111010101110111001
001011111010110001001100111000101111100111111110110010011011100101101011011110110011100101010011001100000111000011001100110101011001100101000011110000
010110011111001101111011110110010110101000000010100111111000110100000001111110011101011110111110110111001011010110100111011110001011100111110111010000
111010111100011111001100011001101110011011111110110101110101000010000000111111101111011101000111100101101100111010111000101111000110011000000111111001
010000011010010111101110110110100100101010011010111111111110101110110111001110101111000111001000011101011000011100111111110110000011100101111000111001
000001000101010011111011011111111110011001101111111110101110101110110100110110100110011101010101110101001010110111110100111001001010111011110101011110
011111111100101010111011111010011111101000011101110101111001011011101100101100001101101101101001111110010110111101111111011101011101001111001101011101
011001111010000101111110111111011100011011010010110011011110101011011001100111101101000111100001110110110111100101000110100110111110010110010100110111
101101110111101100111011011100101110011100111011110011011111100111011011010010100001110110101110111111101111011001111110111110100101011100001011110000
111111100001000101011100111010011011111001010011010111101000011111011010001001101111000101101111010100101111100000011011111000110010101100111111010001
001101111110100011110011111110111100101100101101101111101111000010111100011010101011010001011111101100000101111101100011110110000111100011010101110110
101110101101011110110011110111111000100111101101111101011101011110011001111011101101110110010101010101110010010000101011111101111111111110110111001100
011011110011111110110010011101101101111111100111001100101000011001101101101100011101101111111111111010100011011010000100100000010001111010000111100011
101001101001101000101110001000111100111110001101010100010010100101110100011101110100000001000111000100111000111000111111111111001001110011001101100101
110110001011110111101001010111101110011111110101100100011100111100111110110011011101010101111001001000111001011100101100101111100101011010100111001101
111100110110100101101111101111111001010101101101100011101110110111110010010000101110111000100011101111011100110010100010101101110010100111011011011011
111110111111111111010010010011100011100111011011100010001111111111011011011100111010110100010110001011100110010100010001111101001111010110111100111101
010110011010111010011111101010101011000011011111001101000001001100011010111101111111011001111001100011100101111110100100101011111010111101001000111000
010101000111011111101110111100101010011001111111111011111010101000011011111101110100111010100111110000111011101111110101010010100101010101000111001111
110111100100110010111011111110011011011111011010010110111111001111000101111010100111011111001111101100010101000111101101111111011011011010110110111110
000001110011011011001011011001101000000011000110011111111110111011110011101110011111101111000011110101001110000111110101101111010110111101100001110010
111111110011111011010010001100000010000110100000011001101111010101100111100111111011011100101110110010101100010110111101110110101011001011000111100111
111000011011111011011101010101110101100010110010011101101011011110010000011111011111110001111101011111111000101100111111111110111010100011011111010101
011100111010011011110011011101111101101111110000010111110101111110111110001110111010111100110101010111001100010101110111011110111100000010110111110111
100111100011110110010111011111111110111010110111111010111011010110000011001011100111110101011110010001011111111011101110010111101110110100100011111100
011101001011110011101101110000111111010000101100000011111011110001010001101110100001111111101000000100101111100100110001111100101010011101110111001110
000100011111000101110000001001011111101111010100101110110010000010000101111000101111111010001111010000000111001100001011101110100001001110101001010111
111011101011011000100111100101011101101000100000110111001110101110110001111110111111011001111101011011101111111110000010110011011011111000111001011011
011001110011111111111110000011011011111110110001100111111110110111010011110111100010011100111101100010010101111010001010110001000111110100011111101110
001001111000100101011000010111101100000100011111011111101001110001111001010001010100010110110101101011000010110101010001101110011000111111001011111011
111111100110111011100001110101111100011110100011101101110000111110100001110111011110000111011111000111001111111100000011110111001000111111101101101101
111001111001111100100111000100111110101000011110111110110000101110010011010100111011111001010111111010100000011101110100101011110110110110110001000011
101101011111110101101001001111011100110110111001110000111111111001110110101110100010111101010100111010010111111011001100111110010101011101000111110111
111111010011001111011110111011111000001111110111111111110111101010011011011010001011011110111011111111111011110011111111001111111110001100001111010111
100111011111001110010101111111100100111000011100011111011111110100100100111101111000010011011101111010010110111110110101001111100011111001110101111110
111110110011011010111110111111100011111111001101101001101110101100110111011111111111010001101101101011111011011011001011110001011111011110101101011111
110000001011111101110111111110001111010101110011011111000110001000110010001001010110010111110111011011110011111111001101110011111000010011011111110100
100010001011001110101001011011110110001110111110011001011100101111111111000111101111111101110011010011001111111101101111110100101010010010111111111111
101110001110100011011011110101100011101100111100111011011101011100111001100011110010001010101100001011111011000100110110111100111001011101011100101111
010011001011001101001000001001100100111100000000111110100111110101001100010001111111101100000011101001101100111111000010110111000101111101100101110001
111111000011011000000111101111101111101001100001110101000100100000111110101000111101110110000110101100101011011000101011101101001100010001010011101110
111101101101011101011101111101011110010010101101110011000111001001101001110110011111110111001110001010011010111110101100101111010110001011110100111101
111001100111011100011100110001110111100000001110011011011110110101110011111100111101111000100111011001010101001100010011101000111010111111110110001110
111011111100111101100011111111110010100111110010111011101110011010110110101111011110001001111010111000111011110110110010111010001101111000011010010011
100011010010111100101111011111000001001111100111110101000011111011100110111101000001100111010101011111010110100001110001011001100010101100000101101110
101011010101011111111111100101101111011111110101011011111011101101111111110001001111101111011000111110101001010100111110010000100111000111110011110101
111101100111100111101111011111111111011011111000110011000110011110111011111110111011100100101011001111011111000110111111011111110110001001111111011011
010010111001110100101010010110111011001010011010111110111111111011101001011111001000010100101101101101001011100011101101111001101111010111011111011111
001000111100110011011110111011111100101011000111110011011110111100110010001000010110000011010111101000111101000111011111101001100101101011101100001100
010001111011100011101110101001011011011010110111111010010010100111101110111011111001010101001110011111110010111001001110001110001100101100100111010010
000111111111101110110100111011100101100110010011010111001001001110111000110011111111100011011100010010101101110010001101010101111100111100111111111101
010001000011111011000001110101110100000110100111000001001001111111110111011010100101001101011000101001010011001111100110011010101100110111010010011001
010100000110010101101111011111101011011111111001011001011010100101110111000110011010000001011010111000110010011010110010010111011110111001101011100010
111101011110011001000101010010111011000110001101000000011111111000011011011001011101011100010101100010111000010001111100101111000010011101010101011010
101001000101101111110100010111111111100111010010101010111010111110010010111101111110011101101110111111010110111010010101111111101101011111001011101110
101101101101101111111101001111111110111011000001101110101111110111101001111101011110101111100001101101100110111110011001100110010110111011110101010001
111111011111010111111100011001010110111111010001010111111001111110011111111101101111010011101101111111100101111111111111111110110001111011011110111111
100000101011111011110000110111101101011101110010110101011110100111011001101001111000010110110011010110011011101100011101010111111001100001010101011011
111000101101100100101111001000110100100011011111110000111010110111011111011110011111111111111111110000111011011101101001111110101010111011101011100110
010111010111111110111000000100000101001110111010111110100010110111111011010101110111011100111100001001111110000110111100011011011101011101101101100110
011101000010101000111100110110111111011011011010100110001111110010101001001100101111001000001110011011010110111111010101111111011101101101000101011011
111010111111101010101100101111001110111000010100110100101111001101010110110010110101101000001010010100100111101011111011111011010111011010011101111100
000011001011001100011111101110101101110101101110010010011100111111110110101000100000101100110110100111110100111001101111101011101010111001100011100100
